2020-05-01 09:19:49,723 - cSBC Logger - INFO - Waiting for connection...
2020-05-01 09:19:49,725 - cSBC Logger - INFO - eventStatus is 0. cameraStatus is 1.
2020-05-01 09:19:56,936 - cSBC Logger - INFO - Got connection from ('127.0.0.1', 33906)
2020-05-01 09:19:56,937 - cSBC Logger - INFO - Command recieved from client: EVENT
2020-05-01 09:20:00,072 - cSBC Logger - INFO - Wrote image 1 to disk...
2020-05-01 09:20:00,078 - cSBC Logger - INFO - Wrote image 2 to disk...
2020-05-01 09:20:00,083 - cSBC Logger - INFO - Wrote image 3 to disk...
2020-05-01 09:20:00,088 - cSBC Logger - INFO - Wrote image 4 to disk...
2020-05-01 09:20:00,093 - cSBC Logger - INFO - Wrote image 5 to disk...
2020-05-01 09:20:00,099 - cSBC Logger - INFO - Wrote image 6 to disk...
2020-05-01 09:20:00,104 - cSBC Logger - INFO - Wrote image 7 to disk...
2020-05-01 09:20:00,110 - cSBC Logger - INFO - Wrote image 8 to disk...
2020-05-01 09:20:00,116 - cSBC Logger - INFO - Wrote image 9 to disk...
2020-05-01 09:20:00,121 - cSBC Logger - INFO - Wrote image 10 to disk...
2020-05-01 09:20:00,126 - cSBC Logger - INFO - Wrote image 11 to disk...
2020-05-01 09:20:00,131 - cSBC Logger - INFO - Wrote image 12 to disk...
2020-05-01 09:20:00,137 - cSBC Logger - INFO - Wrote image 13 to disk...
2020-05-01 09:20:00,142 - cSBC Logger - INFO - Wrote image 14 to disk...
2020-05-01 09:20:00,147 - cSBC Logger - INFO - Wrote image 15 to disk...
2020-05-01 09:20:00,152 - cSBC Logger - INFO - Wrote image 16 to disk...
2020-05-01 09:20:00,157 - cSBC Logger - INFO - Wrote image 17 to disk...
2020-05-01 09:20:00,162 - cSBC Logger - INFO - Wrote image 18 to disk...
2020-05-01 09:20:00,167 - cSBC Logger - INFO - Wrote image 19 to disk...
2020-05-01 09:20:00,172 - cSBC Logger - INFO - Wrote image 20 to disk...
2020-05-01 09:20:00,177 - cSBC Logger - INFO - Wrote image 21 to disk...
2020-05-01 09:20:00,182 - cSBC Logger - INFO - Wrote image 22 to disk...
2020-05-01 09:20:00,188 - cSBC Logger - INFO - Wrote image 23 to disk...
2020-05-01 09:20:00,193 - cSBC Logger - INFO - Wrote image 24 to disk...
2020-05-01 09:20:00,198 - cSBC Logger - INFO - Wrote image 25 to disk...
2020-05-01 09:20:00,203 - cSBC Logger - INFO - Wrote image 26 to disk...
2020-05-01 09:20:00,209 - cSBC Logger - INFO - Wrote image 27 to disk...
2020-05-01 09:20:00,214 - cSBC Logger - INFO - Wrote image 28 to disk...
2020-05-01 09:20:00,220 - cSBC Logger - INFO - Wrote image 29 to disk...
2020-05-01 09:20:00,225 - cSBC Logger - INFO - Wrote image 30 to disk...
2020-05-01 09:20:00,230 - cSBC Logger - INFO - Wrote image 31 to disk...
2020-05-01 09:20:00,236 - cSBC Logger - INFO - Wrote image 32 to disk...
2020-05-01 09:20:00,241 - cSBC Logger - INFO - Wrote image 33 to disk...
2020-05-01 09:20:00,246 - cSBC Logger - INFO - Wrote image 34 to disk...
2020-05-01 09:20:00,251 - cSBC Logger - INFO - Wrote image 35 to disk...
2020-05-01 09:20:00,256 - cSBC Logger - INFO - Wrote image 36 to disk...
2020-05-01 09:20:00,261 - cSBC Logger - INFO - Wrote image 37 to disk...
2020-05-01 09:20:00,266 - cSBC Logger - INFO - Wrote image 38 to disk...
2020-05-01 09:20:00,272 - cSBC Logger - INFO - Wrote image 39 to disk...
2020-05-01 09:20:00,278 - cSBC Logger - INFO - Wrote image 40 to disk...
2020-05-01 09:20:00,283 - cSBC Logger - INFO - Wrote image 41 to disk...
2020-05-01 09:20:00,289 - cSBC Logger - INFO - Wrote image 42 to disk...
2020-05-01 09:20:00,294 - cSBC Logger - INFO - Wrote image 43 to disk...
2020-05-01 09:20:00,300 - cSBC Logger - INFO - Wrote image 44 to disk...
2020-05-01 09:20:00,305 - cSBC Logger - INFO - Wrote image 45 to disk...
2020-05-01 09:20:00,334 - cSBC Logger - INFO - Wrote image 46 to disk...
2020-05-01 09:20:00,341 - cSBC Logger - INFO - Waiting for connection...
2020-05-01 09:20:00,343 - cSBC Logger - INFO - eventStatus is 0. cameraStatus is 1.
2020-05-01 09:20:04,406 - cSBC Logger - INFO - Got connection from ('127.0.0.1', 33910)
2020-05-01 09:20:04,430 - cSBC Logger - INFO - Command recieved from client: SHUTDOWN
2020-05-01 09:20:06,838 - cSBC Logger - INFO - Successflly released camera...
